<?xml version="1.0" encoding="UTF-8"?>
<!-- Generated by org.testng.reporters.JUnitReportReporter -->
<testsuite hostname="LAPTOP-F9GTT2QO" failures="0" tests="1" name="blaze.NewTest" time="58.894" errors="0" timestamp="2023-03-08T18:23:27 IST" skipped="0">
  <testcase classname="blaze.NewTest" name="f" time="58.894"/>
  <system-out/>
</testsuite> <!-- blaze.NewTest -->
